0 verbose cli /Users/ryanbahan/.nvm/versions/node/v22.17.1/bin/node /Users/ryanbahan/.nvm/versions/node/v22.17.1/bin/npm
1 info using npm@10.9.2
2 info using node@v22.17.1
3 silly config load:file:/Users/ryanbahan/.nvm/versions/node/v22.17.1/lib/node_modules/npm/npmrc
4 silly config load:file:/private/var/folders/lv/rngxywhs3wdfxc27v_m7h8wh0000gn/T/erb-install-npm-kvSflR/.npmrc
5 silly config load:file:/Users/ryanbahan/.npmrc
6 silly config load:file:/Users/ryanbahan/.nvm/versions/node/v22.17.1/etc/npmrc
7 verbose title npm init
8 verbose argv "init" "--yes"
9 verbose logfile logs-max:10 dir:/Users/ryanbahan/projects/erb-formatter/tmp/smoke-cache/npm-cache/_logs/2025-10-26T03_54_01_994Z-
10 verbose logfile /Users/ryanbahan/projects/erb-formatter/tmp/smoke-cache/npm-cache/_logs/2025-10-26T03_54_01_994Z-debug-0.log
11 silly logfile start cleaning logs, removing 1 files
12 silly logfile done cleaning log files
13 silly package data {
13 silly package data   name: 'erb-install-npm-kvsflr',
13 silly package data   version: '1.0.0',
13 silly package data   main: 'index.js',
13 silly package data   scripts: { test: 'echo "Error: no test specified" && exit 1' },
13 silly package data   keywords: [],
13 silly package data   author: '',
13 silly package data   license: 'ISC',
13 silly package data   description: ''
13 silly package data }
14 verbose cwd /private/var/folders/lv/rngxywhs3wdfxc27v_m7h8wh0000gn/T/erb-install-npm-kvSflR
15 verbose os Darwin 23.6.0
16 verbose node v22.17.1
17 verbose npm  v10.9.2
18 verbose exit 0
19 info ok
