0 verbose cli /Users/ryanbahan/.nvm/versions/node/v22.17.1/bin/node /Users/ryanbahan/.nvm/versions/node/v22.17.1/bin/npm
1 info using npm@10.9.2
2 info using node@v22.17.1
3 silly config load:file:/Users/ryanbahan/.nvm/versions/node/v22.17.1/lib/node_modules/npm/npmrc
4 silly config load:file:/Users/ryanbahan/projects/erb-formatter/tmp/smoke-npm/.npmrc
5 silly config load:file:/Users/ryanbahan/projects/erb-formatter/tmp/smoke-npm/.home/.npmrc
6 silly config load:file:/Users/ryanbahan/.nvm/versions/node/v22.17.1/etc/npmrc
7 verbose title npm init
8 verbose argv "init" "--yes"
9 verbose logfile logs-max:10 dir:/Users/ryanbahan/projects/erb-formatter/tmp/smoke-npm/.home/.npm/_logs/2025-10-26T00_54_16_539Z-
10 verbose logfile /Users/ryanbahan/projects/erb-formatter/tmp/smoke-npm/.home/.npm/_logs/2025-10-26T00_54_16_539Z-debug-0.log
11 silly logfile done cleaning log files
12 http fetch GET https://registry.npmjs.org/npm attempt 1 failed with ENOTFOUND
13 silly package data {
13 silly package data   name: 'smoke-npm',
13 silly package data   version: '1.0.0',
13 silly package data   main: 'index.js',
13 silly package data   scripts: { test: 'echo "Error: no test specified" && exit 1' },
13 silly package data   keywords: [],
13 silly package data   author: '',
13 silly package data   license: 'ISC',
13 silly package data   description: '',
13 silly package data   [Symbol(newline)]: '\n',
13 silly package data   [Symbol(indent)]: '  '
13 silly package data }
14 verbose cwd /Users/ryanbahan/projects/erb-formatter/tmp/smoke-npm
15 verbose os Darwin 23.6.0
16 verbose node v22.17.1
17 verbose npm  v10.9.2
18 verbose exit 0
19 info ok
