0 verbose cli /Users/ryanbahan/.nvm/versions/node/v22.17.1/bin/node /Users/ryanbahan/.nvm/versions/node/v22.17.1/bin/npm
1 info using npm@10.9.2
2 info using node@v22.17.1
3 silly config load:file:/Users/ryanbahan/.nvm/versions/node/v22.17.1/lib/node_modules/npm/npmrc
4 silly config load:file:/Users/ryanbahan/projects/erb-formatter/.npmrc
5 silly config load:file:/Users/ryanbahan/projects/erb-formatter/.tmp-home/.npmrc
6 silly config load:file:/Users/ryanbahan/.nvm/versions/node/v22.17.1/etc/npmrc
7 verbose title npm pack
8 verbose argv "pack"
9 verbose logfile logs-max:10 dir:/Users/ryanbahan/projects/erb-formatter/.tmp-home/.npm/_logs/2025-10-26T00_54_03_244Z-
10 verbose logfile /Users/ryanbahan/projects/erb-formatter/.tmp-home/.npm/_logs/2025-10-26T00_54_03_244Z-debug-0.log
11 silly logfile done cleaning log files
12 http fetch GET https://registry.npmjs.org/npm attempt 1 failed with ENOTFOUND
13 silly packumentCache heap:4345298944 maxSize:1086324736 maxEntrySize:543162368
14 verbose shrinkwrap failed to load node_modules/.package-lock.json out of date, updated: node_modules
15 notice
16 notice 📦  erb-formatter@0.0.1
17 notice Tarball Contents
18 notice 64B dist/cli.d.ts
18 notice 100B dist/cli.d.ts.map
18 notice 11.7kB dist/cli.js
18 notice 1.4kB dist/formatter/htmlDocument.d.ts
18 notice 1.3kB dist/formatter/htmlDocument.d.ts.map
18 notice 16.6kB dist/formatter/htmlDocument.js
18 notice 3.2kB dist/formatter/index.d.ts
18 notice 2.1kB dist/formatter/index.d.ts.map
18 notice 17.0kB dist/formatter/index.js
18 notice 644B dist/formatter/placeholders.d.ts
18 notice 618B dist/formatter/placeholders.d.ts.map
18 notice 1.1kB dist/formatter/placeholders.js
18 notice 162B dist/formatter/rubyWhitespace.d.ts
18 notice 235B dist/formatter/rubyWhitespace.d.ts.map
18 notice 4.5kB dist/formatter/rubyWhitespace.js
18 notice 535B dist/index.d.ts
18 notice 468B dist/index.d.ts.map
18 notice 285B dist/index.js
18 notice 1.1kB dist/parser.d.ts
18 notice 1.1kB dist/parser.d.ts.map
18 notice 4.2kB dist/parser.js
18 notice 151B dist/utils/printTree.d.ts
18 notice 230B dist/utils/printTree.d.ts.map
18 notice 783B dist/utils/printTree.js
18 notice 1.2kB package.json
19 notice Tarball Details
20 notice name: erb-formatter
21 notice version: 0.0.1
22 notice filename: erb-formatter-0.0.1.tgz
23 notice package size: 16.7 kB
24 notice unpacked size: 70.8 kB
25 notice shasum: 49990fa1fc01286b702381ab387ad905707c4b52
26 notice integrity: sha512-ruuT12sHrwfRq[...]DOKwWMSF49Bxg==
27 notice total files: 25
28 notice
29 verbose cwd /Users/ryanbahan/projects/erb-formatter
30 verbose os Darwin 23.6.0
31 verbose node v22.17.1
32 verbose npm  v10.9.2
33 verbose exit 0
34 info ok
